<?xml version="1.0" encoding="UTF-8"?>
<testng-results skipped="0" failed="0" ignored="0" total="1" passed="1">
  <reporter-output>
  </reporter-output>
  <suite name="Default suite" duration-ms="8395" started-at="2019-06-02T17:50:03Z" finished-at="2019-06-02T17:50:11Z">
    <groups>
    </groups>
    <test name="Default test" duration-ms="8395" started-at="2019-06-02T17:50:03Z" finished-at="2019-06-02T17:50:11Z">
      <class name="com.class12.ReaingPropertyFile">
        <test-method status="PASS" signature="readFile()[pri:0, instance:com.class12.ReaingPropertyFile@5034c75a]" name="readFile" duration-ms="8353" started-at="2019-06-02T17:50:03Z" finished-at="2019-06-02T17:50:11Z">
          <reporter-output>
          </reporter-output>
        </test-method> <!-- readFile -->
      </class> <!-- com.class12.ReaingPropertyFile -->
    </test> <!-- Default test -->
  </suite> <!-- Default suite -->
</testng-results>
